<?xml version="1.0" encoding="UTF-8"?>
<!-- Generated by org.testng.reporters.JUnitXMLReporter -->
<testsuite ignored="0" hostname="DESKTOP-1NV6O7N" failures="0" tests="3" name="Default test" time="36.567" errors="0" timestamp="2022-11-27T07:03:20 IST">
  <testcase classname="NOPCommerce_Regression_suite.Admin_Login_Page_TestCases" name="TC01_search_site" time="6.44"/>
  <testcase classname="NOPCommerce_Regression_suite.Admin_Login_Page_TestCases" name="TC02_TakeScreenshot" time="0.637"/>
  <testcase classname="NOPCommerce_Regression_suite.Admin_Login_Page_TestCases" name="TC03_check_login" time="7.071"/>
</testsuite> <!-- Default test -->
