<?xml version="1.0" encoding="UTF-8"?>
<!-- Generated by org.testng.reporters.JUnitXMLReporter -->
<testsuite ignored="0" hostname="DESKTOP-1NV6O7N" failures="0" tests="4" name="Test" time="65.271" errors="0" timestamp="2022-11-27T07:21:54 IST">
  <testcase classname="NOPCommerce_Regression_suite.Admin_Login_Page_TestCases" name="TC01_search_site" time="12.28"/>
  <testcase classname="NOPCommerce_Regression_suite.Admin_Login_Page_TestCases" name="TC02_TakeScreenshot" time="0.784"/>
  <testcase classname="NOPCommerce_Regression_suite.Admin_Login_Page_TestCases" name="TC03_check_login" time="18.683"/>
  <testcase classname="NOPCommerce_Regression_suite.Dashboard_Page_TestCases" name="TC04_check_dashboard_page_title" time="0.005"/>
</testsuite> <!-- Test -->
