<?xml version="1.0" encoding="UTF-8"?>
<testng-results ignored="0" total="1" passed="1" failed="0" skipped="0">
  <reporter-output>
  </reporter-output>
  <suite started-at="2022-11-27T07:35:06 IST" name="Default suite" finished-at="2022-11-27T07:35:43 IST" duration-ms="37139">
    <groups>
    </groups>
    <test started-at="2022-11-27T07:35:06 IST" name="Default test" finished-at="2022-11-27T07:35:43 IST" duration-ms="37139">
      <class name="NOPCommerce_Regression_suite.Dashboard_Page_TestCases">
        <test-method is-config="true" signature="Init()[pri:0, instance:NOPCommerce_Regression_suite.Dashboard_Page_TestCases@63376bed]" started-at="2022-11-27T07:35:06 IST" name="Init" finished-at="2022-11-27T07:35:33 IST" duration-ms="27196" status="PASS">
          <reporter-output>
          </reporter-output>
        </test-method> <!-- Init -->
        <test-method signature="TC04_check_dashboard_page_title()[pri:0, instance:NOPCommerce_Regression_suite.Dashboard_Page_TestCases@63376bed]" started-at="2022-11-27T07:35:33 IST" name="TC04_check_dashboard_page_title" finished-at="2022-11-27T07:35:43 IST" duration-ms="9750" status="PASS">
          <reporter-output>
          </reporter-output>
        </test-method> <!-- TC04_check_dashboard_page_title -->
      </class> <!-- NOPCommerce_Regression_suite.Dashboard_Page_TestCases -->
    </test> <!-- Default test -->
  </suite> <!-- Default suite -->
</testng-results>
