<?xml version="1.0" encoding="UTF-8"?>
<testng-results ignored="0" total="3" passed="3" failed="0" skipped="0">
  <reporter-output>
  </reporter-output>
  <suite started-at="2022-11-27T07:02:43 IST" name="Default suite" finished-at="2022-11-27T07:03:20 IST" duration-ms="36567">
    <groups>
    </groups>
    <test started-at="2022-11-27T07:02:43 IST" name="Default test" finished-at="2022-11-27T07:03:20 IST" duration-ms="36567">
      <class name="NOPCommerce_Regression_suite.Admin_Login_Page_TestCases">
        <test-method is-config="true" signature="init()[pri:0, instance:NOPCommerce_Regression_suite.Admin_Login_Page_TestCases@3e27aa33]" started-at="2022-11-27T07:02:43 IST" name="init" finished-at="2022-11-27T07:02:43 IST" duration-ms="45" status="PASS">
          <reporter-output>
          </reporter-output>
        </test-method> <!-- init -->
        <test-method is-config="true" signature="Init()[pri:0, instance:NOPCommerce_Regression_suite.Admin_Login_Page_TestCases@3e27aa33]" started-at="2022-11-27T07:02:43 IST" name="Init" finished-at="2022-11-27T07:03:06 IST" duration-ms="22158" status="PASS">
          <reporter-output>
          </reporter-output>
        </test-method> <!-- Init -->
        <test-method signature="TC01_search_site()[pri:0, instance:NOPCommerce_Regression_suite.Admin_Login_Page_TestCases@3e27aa33]" started-at="2022-11-27T07:03:06 IST" name="TC01_search_site" finished-at="2022-11-27T07:03:12 IST" duration-ms="6440" status="PASS">
          <reporter-output>
          </reporter-output>
        </test-method> <!-- TC01_search_site -->
        <test-method signature="TC02_TakeScreenshot()[pri:0, instance:NOPCommerce_Regression_suite.Admin_Login_Page_TestCases@3e27aa33]" started-at="2022-11-27T07:03:12 IST" name="TC02_TakeScreenshot" finished-at="2022-11-27T07:03:13 IST" duration-ms="637" status="PASS">
          <reporter-output>
          </reporter-output>
        </test-method> <!-- TC02_TakeScreenshot -->
        <test-method signature="TC03_check_login()[pri:0, instance:NOPCommerce_Regression_suite.Admin_Login_Page_TestCases@3e27aa33]" started-at="2022-11-27T07:03:13 IST" name="TC03_check_login" finished-at="2022-11-27T07:03:20 IST" duration-ms="7071" status="PASS">
          <reporter-output>
          </reporter-output>
        </test-method> <!-- TC03_check_login -->
      </class> <!-- NOPCommerce_Regression_suite.Admin_Login_Page_TestCases -->
    </test> <!-- Default test -->
  </suite> <!-- Default suite -->
</testng-results>
